0 info it worked if it ends with ok
1 verbose cli [ '/Users/vlad/.nvm/versions/node/v6.17.1/bin/node',
1 verbose cli   '/Users/vlad/.nvm/versions/node/v6.17.1/bin/npm',
1 verbose cli   'start' ]
2 info using npm@3.10.10
3 info using node@v6.17.1
4 verbose run-script [ 'prestart', 'start', 'poststart' ]
5 info lifecycle diamond-gatherer@1.0.0~prestart: diamond-gatherer@1.0.0
6 silly lifecycle diamond-gatherer@1.0.0~prestart: no script for prestart, continuing
7 info lifecycle diamond-gatherer@1.0.0~start: diamond-gatherer@1.0.0
8 verbose lifecycle diamond-gatherer@1.0.0~start: unsafe-perm in lifecycle true
9 verbose lifecycle diamond-gatherer@1.0.0~start: PATH: /Users/vlad/.nvm/versions/node/v6.17.1/lib/node_modules/npm/bin/node-gyp-bin:/Users/vlad/Desktop/diamond-gatherer-softvision/node_modules/.bin:/usr/local/opt/php@7.4/sbin:/usr/local/opt/php@7.4/bin:/usr/local/opt/php@7.4/sbin:/usr/local/opt/php@7.4/bin:/usr/local/opt/php@5.6/sbin:/usr/local/opt/php@5.6/bin:/usr/local/sbin:/usr/local/sbin:/usr/local/opt/openssl@1.1/bin:/usr/local/opt/php@7.0/sbin:/usr/local/opt/php@7.0/bin:/usr/local/opt/node@10/bin:/Users/vlad/.nvm/versions/node/v6.17.1/bin:/Users/vlad/google-cloud-sdk/bin:/usr/local/opt/php@7.3/sbin:/usr/local/opt/php@7.3/bin:/usr/local/bin:/usr/bin:/bin:/usr/sbin:/sbin:~/.composer/vendor/bin:/Library/Apple/usr/bin:/usr/local/opt/php@7.4/sbin:/usr/local/opt/php@7.4/bin:/usr/local/opt/php@5.6/sbin:/usr/local/opt/php@5.6/bin:/usr/local/sbin:/usr/local/opt/openssl@1.1/bin:/usr/local/opt/php@7.0/sbin:/usr/local/opt/php@7.0/bin:/usr/local/opt/node@10/bin:/Users/vlad/google-cloud-sdk/bin:/usr/local/opt/php@7.3/sbin:/usr/local/opt/php@7.3/bin
10 verbose lifecycle diamond-gatherer@1.0.0~start: CWD: /Users/vlad/Desktop/diamond-gatherer-softvision
11 silly lifecycle diamond-gatherer@1.0.0~start: Args: [ '-c', 'nodemon ./server.js' ]
12 silly lifecycle diamond-gatherer@1.0.0~start: Returned: code: 1  signal: null
13 info lifecycle diamond-gatherer@1.0.0~start: Failed to exec start script
14 verbose stack Error: diamond-gatherer@1.0.0 start: `nodemon ./server.js`
14 verbose stack Exit status 1
14 verbose stack     at EventEmitter.<anonymous> (/Users/vlad/.nvm/versions/node/v6.17.1/lib/node_modules/npm/lib/utils/lifecycle.js:255:16)
14 verbose stack     at emitTwo (events.js:106:13)
14 verbose stack     at EventEmitter.emit (events.js:191:7)
14 verbose stack     at ChildProcess.<anonymous> (/Users/vlad/.nvm/versions/node/v6.17.1/lib/node_modules/npm/lib/utils/spawn.js:40:14)
14 verbose stack     at emitTwo (events.js:106:13)
14 verbose stack     at ChildProcess.emit (events.js:191:7)
14 verbose stack     at maybeClose (internal/child_process.js:920:16)
14 verbose stack     at Process.ChildProcess._handle.onexit (internal/child_process.js:230:5)
15 verbose pkgid diamond-gatherer@1.0.0
16 verbose cwd /Users/vlad/Desktop/diamond-gatherer-softvision
17 error Darwin 19.6.0
18 error argv "/Users/vlad/.nvm/versions/node/v6.17.1/bin/node" "/Users/vlad/.nvm/versions/node/v6.17.1/bin/npm" "start"
19 error node v6.17.1
20 error npm  v3.10.10
21 error code ELIFECYCLE
22 error diamond-gatherer@1.0.0 start: `nodemon ./server.js`
22 error Exit status 1
23 error Failed at the diamond-gatherer@1.0.0 start script 'nodemon ./server.js'.
23 error Make sure you have the latest version of node.js and npm installed.
23 error If you do, this is most likely a problem with the diamond-gatherer package,
23 error not with npm itself.
23 error Tell the author that this fails on your system:
23 error     nodemon ./server.js
23 error You can get information on how to open an issue for this project with:
23 error     npm bugs diamond-gatherer
23 error Or if that isn't available, you can get their info via:
23 error     npm owner ls diamond-gatherer
23 error There is likely additional logging output above.
24 verbose exit [ 1, true ]
